<?xml version="1.0" encoding="UTF-8"?>
<!-- Generated by org.testng.reporters.JUnitXMLReporter -->
<testsuite ignored="0" hostname="TYSS-Apoorva" failures="1" tests="1" name="Default test(failed)" time="2.313" errors="0" timestamp="2024-04-05T12:50:25 IST">
  <testcase classname="workingWithUnitTestingTool.workingWithTimeOut" name="run" time="2.102">
    <failure type="org.testng.internal.thread.ThreadTimeoutException" message="Method workingWithUnitTestingTool.workingWithTimeOut.run() didn&amp;apos;t finish within the time-out 2000">
      <![CDATA[org.testng.internal.thread.ThreadTimeoutException: Method workingWithUnitTestingTool.workingWithTimeOut.run() didn't finish within the time-out 2000
at java.base@11.0.20/sun.security.ssl.JsseJce.getKeyPairGenerator(JsseJce.java:242)
at java.base@11.0.20/sun.security.ssl.JsseJce$EcAvailability.<clinit>(JsseJce.java:403)
at java.base@11.0.20/sun.security.ssl.JsseJce.isEcAvailable(JsseJce.java:180)
at java.base@11.0.20/sun.security.ssl.CipherSuite$KeyExchange.isAvailable(CipherSuite.java:1136)
at java.base@11.0.20/sun.security.ssl.CipherSuite.isAvailable(CipherSuite.java:998)
at java.base@11.0.20/sun.security.ssl.SSLContextImpl.getApplicableCipherSuites(SSLContextImpl.java:384)
at java.base@11.0.20/sun.security.ssl.SSLContextImpl.getApplicableSupportedCipherSuites(SSLContextImpl.java:347)
at java.base@11.0.20/sun.security.ssl.SSLContextImpl$AbstractTLSContext.<clinit>(SSLContextImpl.java:578)
at java.base@11.0.20/java.lang.Class.forName0(Native Method)
at java.base@11.0.20/java.lang.Class.forName(Class.java:315)
at java.base@11.0.20/java.security.Provider$Service.getImplClass(Provider.java:1950)
at java.base@11.0.20/java.security.Provider$Service.newInstance(Provider.java:1926)
at java.base@11.0.20/sun.security.jca.GetInstance.getInstance(GetInstance.java:236)
at java.base@11.0.20/sun.security.jca.GetInstance.getInstance(GetInstance.java:164)
at java.base@11.0.20/javax.net.ssl.SSLContext.getInstance(SSLContext.java:168)
at app//io.netty.handler.ssl.JdkSslContext$Defaults.init(JdkSslContext.java:99)
at app//io.netty.handler.ssl.JdkSslContext.<clinit>(JdkSslContext.java:73)
at app//io.netty.handler.ssl.SslContext.newClientContextInternal(SslContext.java:825)
at app//io.netty.handler.ssl.SslContextBuilder.build(SslContextBuilder.java:615)
at app//org.asynchttpclient.netty.ssl.DefaultSslEngineFactory.buildSslContext(DefaultSslEngineFactory.java:59)
at app//org.asynchttpclient.netty.ssl.DefaultSslEngineFactory.init(DefaultSslEngineFactory.java:74)
at app//org.asynchttpclient.netty.channel.ChannelManager.<init>(ChannelManager.java:104)
at app//org.asynchttpclient.DefaultAsyncHttpClient.<init>(DefaultAsyncHttpClient.java:92)
at app//org.asynchttpclient.Dsl.asyncHttpClient(Dsl.java:32)
at app//org.openqa.selenium.remote.http.netty.NettyClient.createHttpClient(NettyClient.java:91)
at app//org.openqa.selenium.remote.http.netty.NettyClient.<clinit>(NettyClient.java:43)
at app//org.openqa.selenium.remote.http.netty.NettyClient$Factory.createClient(NettyClient.java:124)
at app//org.openqa.selenium.remote.HttpCommandExecutor.<init>(HttpCommandExecutor.java:115)
at app//org.openqa.selenium.remote.HttpCommandExecutor.<init>(HttpCommandExecutor.java:92)
at app//org.openqa.selenium.remote.service.DriverCommandExecutor.<init>(DriverCommandExecutor.java:89)
at app//org.openqa.selenium.chromium.ChromiumDriverCommandExecutor.<init>(ChromiumDriverCommandExecutor.java:43)
at app//org.openqa.selenium.chrome.ChromeDriver$ChromeDriverCommandExecutor.<init>(ChromeDriver.java:115)
at app//org.openqa.selenium.chrome.ChromeDriver.generateExecutor(ChromeDriver.java:105)
at app//org.openqa.selenium.chrome.ChromeDriver.<init>(ChromeDriver.java:88)
at app//org.openqa.selenium.chrome.ChromeDriver.<init>(ChromeDriver.java:83)
at app//org.openqa.selenium.chrome.ChromeDriver.<init>(ChromeDriver.java:51)
at app//workingWithUnitTestingTool.workingWithTimeOut.run(workingWithTimeOut.java:11)
at java.base@11.0.20/java.util.concurrent.FutureTask.run(FutureTask.java:264)
at java.base@11.0.20/java.util.concurrent.ThreadPoolExecutor.runWorker(ThreadPoolExecutor.java:1128)
at java.base@11.0.20/java.util.concurrent.ThreadPoolExecutor$Worker.run(ThreadPoolExecutor.java:628)
at java.base@11.0.20/java.lang.Thread.run(Thread.java:834)
... Removed 8 stack frames]]>
    </failure>
  </testcase> <!-- run -->
</testsuite> <!-- Default test(failed) -->
